{"/Users/marlonmorales/Documents/node/node-ts-bases-fin-seccion-4/src/plugins/get-age.plugin.ts": {"path":"/Users/marlonmorales/Documents/node/node-ts-bases-fin-seccion-4/src/plugins/get-age.plugin.ts","all":false,"statementMap":{"0":{"start":{"line":1,"column":0},"end":{"line":1,"column":43}},"1":{"start":{"line":2,"column":0},"end":{"line":2,"column":0}},"2":{"start":{"line":3,"column":0},"end":{"line":3,"column":0}},"3":{"start":{"line":4,"column":0},"end":{"line":4,"column":48}},"4":{"start":{"line":5,"column":0},"end":{"line":5,"column":0}},"5":{"start":{"line":6,"column":0},"end":{"line":6,"column":36}},"6":{"start":{"line":7,"column":0},"end":{"line":7,"column":70}},"7":{"start":{"line":8,"column":0},"end":{"line":8,"column":1}}},"s":{"0":1,"1":1,"2":1,"3":1,"4":2,"5":2,"6":2,"7":2},"branchMap":{"0":{"type":"branch","line":4,"loc":{"start":{"line":4,"column":22},"end":{"line":8,"column":1}},"locations":[{"start":{"line":4,"column":22},"end":{"line":8,"column":1}}]}},"b":{"0":[2]},"fnMap":{"0":{"name":"getAge","decl":{"start":{"line":4,"column":22},"end":{"line":8,"column":1}},"loc":{"start":{"line":4,"column":22},"end":{"line":8,"column":1}},"line":4}},"f":{"0":2}}
}
